This is pdfTeX, Version 3.1415926-2.3-1.40.12 (TeX Live 2011) (format=pdflatex 2011.7.3)  1 MAR 2013 15:03
entering extended mode
 \write18 enabled.
 file:line:error style messages enabled.
 %&-line parsing enabled.
**ps5.tex
(./ps5.tex
LaTeX2e <2009/09/24>
Babel <v3.8l> and hyphenation patterns for english, dumylang, nohyphenation, ge
rman-x-2009-06-19, ngerman-x-2009-06-19, afrikaans, ancientgreek, ibycus, arabi
c, armenian, basque, bulgarian, catalan, pinyin, coptic, croatian, czech, danis
h, dutch, ukenglish, usenglishmax, esperanto, estonian, ethiopic, farsi, finnis
h, french, galician, german, ngerman, swissgerman, monogreek, greek, hungarian,
 icelandic, assamese, bengali, gujarati, hindi, kannada, malayalam, marathi, or
iya, panjabi, tamil, telugu, indonesian, interlingua, irish, italian, kurmanji,
 lao, latin, latvian, lithuanian, mongolian, mongolianlmc, bokmal, nynorsk, pol
ish, portuguese, romanian, russian, sanskrit, serbian, serbianc, slovak, sloven
ian, spanish, swedish, turkish, turkmen, ukrainian, uppersorbian, welsh, loaded
.
(/usr/local/texlive/2011/texmf-dist/tex/latex/base/article.cls
Document Class: article 2007/10/19 v1.4h Standard LaTeX document class
(/usr/local/texlive/2011/texmf-dist/tex/latex/base/size11.clo
File: size11.clo 2007/10/19 v1.4h Standard LaTeX file (size option)
)
\c@part=\count79
\c@section=\count80
\c@subsection=\count81
\c@subsubsection=\count82
\c@paragraph=\count83
\c@subparagraph=\count84
\c@figure=\count85
\c@table=\count86
\abovecaptionskip=\skip41
\belowcaptionskip=\skip42
\bibindent=\dimen102
)
(/usr/local/texlive/2011/texmf-dist/tex/latex/amsmath/amsmath.sty
Package: amsmath 2000/07/18 v2.13 AMS math features
\@mathmargin=\skip43

For additional information on amsmath, use the `?' option.
(/usr/local/texlive/2011/texmf-dist/tex/latex/amsmath/amstext.sty
Package: amstext 2000/06/29 v2.01

(/usr/local/texlive/2011/texmf-dist/tex/latex/amsmath/amsgen.sty
File: amsgen.sty 1999/11/30 v2.0
\@emptytoks=\toks14
\ex@=\dimen103
))
(/usr/local/texlive/2011/texmf-dist/tex/latex/amsmath/amsbsy.sty
Package: amsbsy 1999/11/29 v1.2d
\pmbraise@=\dimen104
)
(/usr/local/texlive/2011/texmf-dist/tex/latex/amsmath/amsopn.sty
Package: amsopn 1999/12/14 v2.01 operator names
)
\inf@bad=\count87
LaTeX Info: Redefining \frac on input line 211.
\uproot@=\count88
\leftroot@=\count89
LaTeX Info: Redefining \overline on input line 307.
\classnum@=\count90
\DOTSCASE@=\count91
LaTeX Info: Redefining \ldots on input line 379.
LaTeX Info: Redefining \dots on input line 382.
LaTeX Info: Redefining \cdots on input line 467.
\Mathstrutbox@=\box26
\strutbox@=\box27
\big@size=\dimen105
LaTeX Font Info:    Redeclaring font encoding OML on input line 567.
LaTeX Font Info:    Redeclaring font encoding OMS on input line 568.
\macc@depth=\count92
\c@MaxMatrixCols=\count93
\dotsspace@=\muskip10
\c@parentequation=\count94
\dspbrk@lvl=\count95
\tag@help=\toks15
\row@=\count96
\column@=\count97
\maxfields@=\count98
\andhelp@=\toks16
\eqnshift@=\dimen106
\alignsep@=\dimen107
\tagshift@=\dimen108
\tagwidth@=\dimen109
\totwidth@=\dimen110
\lineht@=\dimen111
\@envbody=\toks17
\multlinegap=\skip44
\multlinetaggap=\skip45
\mathdisplay@stack=\toks18
LaTeX Info: Redefining \[ on input line 2666.
LaTeX Info: Redefining \] on input line 2667.
)
(/usr/local/texlive/2011/texmf-dist/tex/latex/amsfonts/amsfonts.sty
Package: amsfonts 2009/06/22 v3.00 Basic AMSFonts support
\symAMSa=\mathgroup4
\symAMSb=\mathgroup5
LaTeX Font Info:    Overwriting math alphabet `\mathfrak' in version `bold'
(Font)                  U/euf/m/n --> U/euf/b/n on input line 96.
)
(/usr/local/texlive/2011/texmf-dist/tex/latex/amsfonts/amssymb.sty
Package: amssymb 2009/06/22 v3.00
)
(/usr/local/texlive/2011/texmf-dist/tex/latex/graphics/graphicx.sty
Package: graphicx 1999/02/16 v1.0f Enhanced LaTeX Graphics (DPC,SPQR)

(/usr/local/texlive/2011/texmf-dist/tex/latex/graphics/keyval.sty
Package: keyval 1999/03/16 v1.13 key=value parser (DPC)
\KV@toks@=\toks19
)
(/usr/local/texlive/2011/texmf-dist/tex/latex/graphics/graphics.sty
Package: graphics 2009/02/05 v1.0o Standard LaTeX Graphics (DPC,SPQR)

(/usr/local/texlive/2011/texmf-dist/tex/latex/graphics/trig.sty
Package: trig 1999/03/16 v1.09 sin cos tan (DPC)
)
(/usr/local/texlive/2011/texmf-dist/tex/latex/latexconfig/graphics.cfg
File: graphics.cfg 2010/04/23 v1.9 graphics configuration of TeX Live
)
Package graphics Info: Driver file: pdftex.def on input line 91.

(/usr/local/texlive/2011/texmf-dist/tex/latex/pdftex-def/pdftex.def
File: pdftex.def 2011/05/27 v0.06d Graphics/color for pdfTeX

(/usr/local/texlive/2011/texmf-dist/tex/generic/oberdiek/infwarerr.sty
Package: infwarerr 2010/04/08 v1.3 Providing info/warning/message (HO)
)
(/usr/local/texlive/2011/texmf-dist/tex/generic/oberdiek/ltxcmds.sty
Package: ltxcmds 2011/04/18 v1.20 LaTeX kernel commands for general use (HO)
)
\Gread@gobject=\count99
))
\Gin@req@height=\dimen112
\Gin@req@width=\dimen113
)
(/usr/local/texlive/2011/texmf-dist/tex/latex/tools/multicol.sty
Package: multicol 2008/12/05 v1.6h multicolumn formatting (FMi)
\c@tracingmulticols=\count100
\mult@box=\box28
\multicol@leftmargin=\dimen114
\c@unbalance=\count101
\c@collectmore=\count102
\doublecol@number=\count103
\multicoltolerance=\count104
\multicolpretolerance=\count105
\full@width=\dimen115
\page@free=\dimen116
\premulticols=\dimen117
\postmulticols=\dimen118
\multicolsep=\skip46
\multicolbaselineskip=\skip47
\partial@page=\box29
\last@line=\box30
\mult@rightbox=\box31
\mult@grightbox=\box32
\mult@gfirstbox=\box33
\mult@firstbox=\box34
\@tempa=\box35
\@tempa=\box36
\@tempa=\box37
\@tempa=\box38
\@tempa=\box39
\@tempa=\box40
\@tempa=\box41
\@tempa=\box42
\@tempa=\box43
\@tempa=\box44
\@tempa=\box45
\@tempa=\box46
\@tempa=\box47
\@tempa=\box48
\@tempa=\box49
\@tempa=\box50
\@tempa=\box51
\c@columnbadness=\count106
\c@finalcolumnbadness=\count107
\last@try=\dimen119
\multicolovershoot=\dimen120
\multicolundershoot=\dimen121
\mult@nat@firstbox=\box52
\colbreak@box=\box53
) (./ps5.aux)
\openout1 = `ps5.aux'.

LaTeX Font Info:    Checking defaults for OML/cmm/m/it on input line 22.
LaTeX Font Info:    ... okay on input line 22.
LaTeX Font Info:    Checking defaults for T1/cmr/m/n on input line 22.
LaTeX Font Info:    ... okay on input line 22.
LaTeX Font Info:    Checking defaults for OT1/cmr/m/n on input line 22.
LaTeX Font Info:    ... okay on input line 22.
LaTeX Font Info:    Checking defaults for OMS/cmsy/m/n on input line 22.
LaTeX Font Info:    ... okay on input line 22.
LaTeX Font Info:    Checking defaults for OMX/cmex/m/n on input line 22.
LaTeX Font Info:    ... okay on input line 22.
LaTeX Font Info:    Checking defaults for U/cmr/m/n on input line 22.
LaTeX Font Info:    ... okay on input line 22.

(/usr/local/texlive/2011/texmf-dist/tex/context/base/supp-pdf.mkii
[Loading MPS to PDF converter (version 2006.09.02).]
\scratchcounter=\count108
\scratchdimen=\dimen122
\scratchbox=\box54
\nofMPsegments=\count109
\nofMParguments=\count110
\everyMPshowfont=\toks20
\MPscratchCnt=\count111
\MPscratchDim=\dimen123
\MPnumerator=\count112
\makeMPintoPDFobject=\count113
\everyMPtoPDFconversion=\toks21
) (/usr/local/texlive/2011/texmf-dist/tex/generic/oberdiek/pdftexcmds.sty
Package: pdftexcmds 2011/04/22 v0.16 Utilities of pdfTeX for LuaTeX (HO)

(/usr/local/texlive/2011/texmf-dist/tex/generic/oberdiek/ifluatex.sty
Package: ifluatex 2010/03/01 v1.3 Provides the ifluatex switch (HO)
Package ifluatex Info: LuaTeX not detected.
)
(/usr/local/texlive/2011/texmf-dist/tex/generic/oberdiek/ifpdf.sty
Package: ifpdf 2011/01/30 v2.3 Provides the ifpdf switch (HO)
Package ifpdf Info: pdfTeX in PDF mode is detected.
)
Package pdftexcmds Info: LuaTeX not detected.
Package pdftexcmds Info: \pdf@primitive is available.
Package pdftexcmds Info: \pdf@ifprimitive is available.
Package pdftexcmds Info: \pdfdraftmode found.
)
(/usr/local/texlive/2011/texmf-dist/tex/latex/oberdiek/epstopdf-base.sty
Package: epstopdf-base 2010/02/09 v2.5 Base part for package epstopdf

(/usr/local/texlive/2011/texmf-dist/tex/latex/oberdiek/grfext.sty
Package: grfext 2010/08/19 v1.1 Managing graphics extensions (HO)

(/usr/local/texlive/2011/texmf-dist/tex/generic/oberdiek/kvdefinekeys.sty
Package: kvdefinekeys 2011/04/07 v1.3 Defining keys (HO)
))
(/usr/local/texlive/2011/texmf-dist/tex/latex/oberdiek/kvoptions.sty
Package: kvoptions 2010/12/23 v3.10 Keyval support for LaTeX options (HO)

(/usr/local/texlive/2011/texmf-dist/tex/generic/oberdiek/kvsetkeys.sty
Package: kvsetkeys 2011/04/07 v1.13 Key value parser (HO)

(/usr/local/texlive/2011/texmf-dist/tex/generic/oberdiek/etexcmds.sty
Package: etexcmds 2011/02/16 v1.5 Prefix for e-TeX command names (HO)
Package etexcmds Info: Could not find \expanded.
(etexcmds)             That can mean that you are not using pdfTeX 1.50 or
(etexcmds)             that some package has redefined \expanded.
(etexcmds)             In the latter case, load this package earlier.
)))
Package grfext Info: Graphics extension search list:
(grfext)             [.png,.pdf,.jpg,.mps,.jpeg,.jbig2,.jb2,.PNG,.PDF,.JPG,.JPE
G,.JBIG2,.JB2,.eps]
(grfext)             \AppendGraphicsExtensions on input line 452.

(/usr/local/texlive/2011/texmf-dist/tex/latex/latexconfig/epstopdf-sys.cfg
File: epstopdf-sys.cfg 2010/07/13 v1.3 Configuration of (r)epstopdf for TeX Liv
e
))
Underfull \hbox (badness 10000) in paragraph at lines 24--25

 []

LaTeX Font Info:    Try loading font information for U+msa on input line 30.
(/usr/local/texlive/2011/texmf-dist/tex/latex/amsfonts/umsa.fd
File: umsa.fd 2009/06/22 v3.00 AMS symbols A
)
LaTeX Font Info:    Try loading font information for U+msb on input line 30.

(/usr/local/texlive/2011/texmf-dist/tex/latex/amsfonts/umsb.fd
File: umsb.fd 2009/06/22 v3.00 AMS symbols B
)
Underfull \hbox (badness 10000) in paragraph at lines 38--51

 []


Underfull \hbox (badness 10000) in paragraph at lines 38--51

 []


Underfull \hbox (badness 10000) in paragraph at lines 38--51

 []

[1

{/usr/local/texlive/2011/texmf-var/fonts/map/pdftex/updmap/pdftex.map}]
Underfull \hbox (badness 10000) in paragraph at lines 58--59

 []


Underfull \hbox (badness 10000) in paragraph at lines 61--62

 []


Underfull \hbox (badness 10000) in paragraph at lines 67--68

 []


Underfull \hbox (badness 10000) in paragraph at lines 72--79

 []


Underfull \hbox (badness 10000) in paragraph at lines 72--79

 []

<./Figures/Euler.pdf, id=12, 499.52225pt x 374.96777pt>
File: ./Figures/Euler.pdf Graphic file (type pdf)

<use ./Figures/Euler.pdf>
Package pdftex.def Info: ./Figures/Euler.pdf used on input line 87.
(pdftex.def)             Requested size: 374.64076pt x 281.22513pt.
 <./Figures/LF.pdf, id=13, 517.78154pt x 358.66486pt>
File: ./Figures/LF.pdf Graphic file (type pdf)

<use ./Figures/LF.pdf>
Package pdftex.def Info: ./Figures/LF.pdf used on input line 92.
(pdftex.def)             Requested size: 388.3352pt x 268.99797pt.
 <./Figures/RK4.pdf, id=14, 518.43362pt x 377.5762pt>
File: ./Figures/RK4.pdf Graphic file (type pdf)

<use ./Figures/RK4.pdf>
Package pdftex.def Info: ./Figures/RK4.pdf used on input line 97.
(pdftex.def)             Requested size: 362.90105pt x 264.30153pt.

<./Figures/Error.pdf, id=15, 536.69301pt x 383.44524pt>
File: ./Figures/Error.pdf Graphic file (type pdf)

<use ./Figures/Error.pdf>
Package pdftex.def Info: ./Figures/Error.pdf used on input line 102.
(pdftex.def)             Requested size: 375.68254pt x 268.40982pt.

<./Figures/Orbit_RK_10.pdf, id=16, 505.39131pt x 371.7072pt>
File: ./Figures/Orbit_RK_10.pdf Graphic file (type pdf)

<use ./Figures/Orbit_RK_10.pdf>
Package pdftex.def Info: ./Figures/Orbit_RK_10.pdf used on input line 109.
(pdftex.def)             Requested size: 289.08626pt x 289.09102pt.

<./Figures/Orbit_RK_5.pdf, id=17, 511.91248pt x 365.18593pt>
File: ./Figures/Orbit_RK_5.pdf Graphic file (type pdf)

<use ./Figures/Orbit_RK_5.pdf>
Package pdftex.def Info: ./Figures/Orbit_RK_5.pdf used on input line 110.
(pdftex.def)             Requested size: 289.08267pt x 289.10109pt.

<./Figures/Orbit_RK_25.pdf, id=18, 511.26038pt x 366.4903pt>
File: ./Figures/Orbit_RK_25.pdf Graphic file (type pdf)

<use ./Figures/Orbit_RK_25.pdf>
Package pdftex.def Info: ./Figures/Orbit_RK_25.pdf used on input line 112.
(pdftex.def)             Requested size: 289.08109pt x 289.09354pt.

<./Figures/Orbit_RK_1.pdf, id=19, 507.99979pt x 371.7072pt>
File: ./Figures/Orbit_RK_1.pdf Graphic file (type pdf)

<use ./Figures/Orbit_RK_1.pdf>
Package pdftex.def Info: ./Figures/Orbit_RK_1.pdf used on input line 113.
(pdftex.def)             Requested size: 289.09004pt x 289.09102pt.

Overfull \hbox (56.15132pt too wide) in paragraph at lines 106--115
 []$ 
 []


LaTeX Warning: Float too large for page by 5.67134pt on input line 117.

<./Figures/Orbit_LF_10.pdf, id=20, 522.34637pt x 368.44661pt>
File: ./Figures/Orbit_LF_10.pdf Graphic file (type pdf)

<use ./Figures/Orbit_LF_10.pdf>
Package pdftex.def Info: ./Figures/Orbit_LF_10.pdf used on input line 122.
(pdftex.def)             Requested size: 289.07675pt x 289.08504pt.

<./Figures/Orbit_LF_5.pdf, id=21, 528.21547pt x 369.75076pt>
File: ./Figures/Orbit_LF_5.pdf Graphic file (type pdf)

<use ./Figures/Orbit_LF_5.pdf>
Package pdftex.def Info: ./Figures/Orbit_LF_5.pdf used on input line 123.
(pdftex.def)             Requested size: 289.09279pt x 289.10403pt.

<./Figures/Orbit_LF_25.pdf, id=22, 519.08585pt x 379.53261pt>
File: ./Figures/Orbit_LF_25.pdf Graphic file (type pdf)

<use ./Figures/Orbit_LF_25.pdf>
Package pdftex.def Info: ./Figures/Orbit_LF_25.pdf used on input line 125.
(pdftex.def)             Requested size: 289.08612pt x 289.07901pt.

<./Figures/Orbit_LF_1.pdf, id=23, 531.47601pt x 374.96777pt>
File: ./Figures/Orbit_LF_1.pdf Graphic file (type pdf)

<use ./Figures/Orbit_LF_1.pdf>
Package pdftex.def Info: ./Figures/Orbit_LF_1.pdf used on input line 126.
(pdftex.def)             Requested size: 289.07695pt x 289.09796pt.

Overfull \hbox (56.15393pt too wide) in paragraph at lines 119--128
 []$ 
 []


LaTeX Warning: Float too large for page by 5.67871pt on input line 130.

<./Figures/RKEnergy.pdf, id=24, 521.04219pt x 367.79448pt>
File: ./Figures/RKEnergy.pdf Graphic file (type pdf)

<use ./Figures/RKEnergy.pdf>
Package pdftex.def Info: ./Figures/RKEnergy.pdf used on input line 133.
(pdftex.def)             Requested size: 390.78067pt x 275.84518pt.

<./Figures/RKEnzoom.pdf, id=25, 554.95227pt x 369.09874pt>
File: ./Figures/RKEnzoom.pdf Graphic file (type pdf)

<use ./Figures/RKEnzoom.pdf>
Package pdftex.def Info: ./Figures/RKEnzoom.pdf used on input line 138.
(pdftex.def)             Requested size: 416.21318pt x 276.82336pt.

<./Figures/LFEnergy.pdf, id=26, 522.99854pt x 377.5762pt>
File: ./Figures/LFEnergy.pdf Graphic file (type pdf)

<use ./Figures/LFEnergy.pdf>
Package pdftex.def Info: ./Figures/LFEnergy.pdf used on input line 143.
(pdftex.def)             Requested size: 366.09648pt x 264.30153pt.

<./Figures/LFEnzoom.pdf, id=27, 524.30278pt x 376.27196pt>
File: ./Figures/LFEnzoom.pdf Graphic file (type pdf)

<use ./Figures/LFEnzoom.pdf>
Package pdftex.def Info: ./Figures/LFEnzoom.pdf used on input line 148.
(pdftex.def)             Requested size: 367.00943pt x 263.38857pt.

<./Figures/Prey.pdf, id=28, 500.82649pt x 364.53389pt>
File: ./Figures/Prey.pdf Graphic file (type pdf)

<use ./Figures/Prey.pdf>
Package pdftex.def Info: ./Figures/Prey.pdf used on input line 153.
(pdftex.def)             Requested size: 500.82526pt x 364.53299pt.

Overfull \hbox (31.07027pt too wide) in paragraph at lines 153--154
 [][] 
 []

<./Figures/Preyhunt.pdf, id=29, 525.60692pt x 373.01137pt>
File: ./Figures/Preyhunt.pdf Graphic file (type pdf)

<use ./Figures/Preyhunt.pdf>
Package pdftex.def Info: ./Figures/Preyhunt.pdf used on input line 158.
(pdftex.def)             Requested size: 525.60564pt x 373.01045pt.

Overfull \hbox (55.85065pt too wide) in paragraph at lines 158--159
 [][] 
 []

[2] [3 <./Figures/Euler.pdf> <./Figures/LF.pdf>] [4 <./Figures/RK4.pdf> <./Figu
res/Error.pdf>] [5 <./Figures/Orbit_RK_10.pdf> <./Figures/Orbit_RK_5.pdf> <./Fi
gures/Orbit_RK_25.pdf> <./Figures/Orbit_RK_1.pdf>] [6 <./Figures/Orbit_LF_10.pd
f> <./Figures/Orbit_LF_5.pdf> <./Figures/Orbit_LF_25.pdf> <./Figures/Orbit_LF_1
.pdf>] [7 <./Figures/RKEnergy.pdf> <./Figures/RKEnzoom.pdf>] [8 <./Figures/LFEn
ergy.pdf> <./Figures/LFEnzoom.pdf>] [9 <./Figures/Prey.pdf>] [10 <./Figures/Pre
yhunt.pdf>] (./ps5.aux) ) 
Here is how much of TeX's memory you used:
 2505 strings out of 493633
 34193 string characters out of 3143378
 95265 words of memory out of 3000000
 5761 multiletter control sequences out of 15000+200000
 8755 words of font info for 34 fonts, out of 3000000 for 9000
 831 hyphenation exceptions out of 8191
 37i,11n,23p,671b,355s stack positions out of 5000i,500n,10000p,200000b,50000s
</usr/local/texlive/2011/texmf-dist/fonts/type1/public
/amsfonts/cm/cmex10.pfb></usr/local/texlive/2011/texmf-dist/fonts/type1/public/
amsfonts/cm/cmmi10.pfb></usr/local/texlive/2011/texmf-dist/fonts/type1/public/a
msfonts/cm/cmmi8.pfb></usr/local/texlive/2011/texmf-dist/fonts/type1/public/ams
fonts/cm/cmr10.pfb></usr/local/texlive/2011/texmf-dist/fonts/type1/public/amsfo
nts/cm/cmr17.pfb></usr/local/texlive/2011/texmf-dist/fonts/type1/public/amsfont
s/cm/cmr8.pfb></usr/local/texlive/2011/texmf-dist/fonts/type1/public/amsfonts/c
m/cmsy10.pfb></usr/local/texlive/2011/texmf-dist/fonts/type1/public/amsfonts/cm
/cmsy8.pfb></usr/local/texlive/2011/texmf-dist/fonts/type1/public/amsfonts/cm/c
mtt10.pfb>
Output written on ps5.pdf (10 pages, 412635 bytes).
PDF statistics:
 236 PDF objects out of 1000 (max. 8388607)
 177 compressed objects within 2 object streams
 0 named destinations out of 1000 (max. 500000)
 91 words of extra memory for PDF output out of 10000 (max. 10000000)

